<?xml version="1.0" encoding="UTF-8"?>
<!-- Generated by org.testng.reporters.JUnitReportReporter -->
<testsuite skipped="0" hostname="NGSLAPTOP23" name="com.accordion.testcases.TC43" tests="1" failures="0" timestamp="17 Dec 2019 12:19:56 GMT" time="5.447" errors="0">
  <testcase name="EditCheckFunctionalityOfCloseButton" time="5.447" classname="com.accordion.testcases.TC43"/>
</testsuite> <!-- com.accordion.testcases.TC43 -->
