<?xml version="1.0" encoding="UTF-8"?>
<!-- Generated by org.testng.reporters.JUnitReportReporter -->
<testsuite skipped="0" hostname="NGSLAPTOP23" name="com.accordion.testcases.TC05VerfiyWizard" tests="1" failures="0" timestamp="24 Feb 2020 05:37:27 GMT" time="37.345" errors="0">
  <testcase name="verifyWizardTC05" time="37.345" classname="com.accordion.testcases.TC05VerfiyWizard"/>
</testsuite> <!-- com.accordion.testcases.TC05VerfiyWizard -->
