<?xml version="1.0" encoding="UTF-8"?>
<!-- Generated by org.testng.reporters.JUnitReportReporter -->
<testsuite skipped="0" hostname="NGSLAPTOP23" name="com.accordion.testcases.TC47" tests="1" failures="0" timestamp="15 Nov 2019 06:23:16 GMT" time="27.107" errors="0">
  <testcase name="verifywebPart" time="27.107" classname="com.accordion.testcases.TC47"/>
</testsuite> <!-- com.accordion.testcases.TC47 -->
