<?xml version="1.0" encoding="UTF-8"?>
<!-- Generated by org.testng.reporters.JUnitReportReporter -->
<testsuite skipped="0" hostname="NGSLAPTOP23" name="com.accordion.testcases.TC01" tests="1" failures="0" timestamp="17 Dec 2019 06:19:32 GMT" time="5.685" errors="0">
  <testcase name="verifywebPartDefualtMsgOnContentAdmin" time="5.685" classname="com.accordion.testcases.TC01"/>
</testsuite> <!-- com.accordion.testcases.TC01 -->
