<?xml version="1.0" encoding="UTF-8"?>
<!-- Generated by org.testng.reporters.JUnitReportReporter -->
<testsuite skipped="0" hostname="NGSLAPTOP23" name="com.accordion.testcases.TC09VerifyManageTitleCloseButton" tests="1" failures="0" timestamp="24 Feb 2020 06:03:31 GMT" time="28.301" errors="0">
  <testcase name="verifyManageTitleCloseBtnTC09" time="28.301" classname="com.accordion.testcases.TC09VerifyManageTitleCloseButton"/>
</testsuite> <!-- com.accordion.testcases.TC09VerifyManageTitleCloseButton -->
