<?xml version="1.0" encoding="UTF-8"?>
<!-- Generated by org.testng.reporters.JUnitReportReporter -->
<testsuite skipped="0" hostname="NGSLAPTOP23" name="com.accordion.testcases.TC34AddCheckFunctionalityOfSaveContinueButton" tests="1" failures="0" timestamp="25 Feb 2020 06:14:15 GMT" time="44.017" errors="0">
  <testcase name="AddCheckFunctionalityOfSaveContinueButtonTC34" time="44.017" classname="com.accordion.testcases.TC34AddCheckFunctionalityOfSaveContinueButton"/>
</testsuite> <!-- com.accordion.testcases.TC34AddCheckFunctionalityOfSaveContinueButton -->
