<?xml version="1.0" encoding="UTF-8"?>
<!-- Generated by org.testng.reporters.JUnitReportReporter -->
<testsuite skipped="0" hostname="NGSLAPTOP23" name="com.accordion.testcases.TC31AddCheckValidationMsgTopicDescription" tests="1" failures="0" timestamp="25 Feb 2020 05:59:18 GMT" time="42.887" errors="0">
  <testcase name="AddCheckValidationMsgTopicDescriptionTC31" time="42.887" classname="com.accordion.testcases.TC31AddCheckValidationMsgTopicDescription"/>
</testsuite> <!-- com.accordion.testcases.TC31AddCheckValidationMsgTopicDescription -->
