<?xml version="1.0" encoding="UTF-8"?>
<!-- Generated by org.testng.reporters.JUnitReportReporter -->
<testsuite skipped="0" hostname="NGSLAPTOP23" name="com.accordion.testcases.TC60" tests="1" failures="0" timestamp="18 Dec 2019 13:30:34 GMT" time="8.302" errors="0">
  <testcase name="DeleteChecStatusOfRecordAfterClickOnCancelButton" time="8.302" classname="com.accordion.testcases.TC60"/>
</testsuite> <!-- com.accordion.testcases.TC60 -->
