<?xml version="1.0" encoding="UTF-8"?>
<!-- Generated by org.testng.reporters.JUnitReportReporter -->
<testsuite skipped="0" hostname="NGSLAPTOP23" name="com.accordion.testcases.TC13" tests="1" failures="0" timestamp="17 Dec 2019 09:05:52 GMT" time="37.938" errors="0">
  <testcase name="ManageTitleCheckTitlePreviewWIthNormalUserLogin" time="37.938" classname="com.accordion.testcases.TC13"/>
</testsuite> <!-- com.accordion.testcases.TC13 -->
