<?xml version="1.0" encoding="UTF-8"?>
<!-- Generated by org.testng.reporters.JUnitReportReporter -->
<testsuite skipped="0" hostname="NGSLAPTOP23" name="com.accordion.testcases.TC49" tests="1" failures="0" timestamp="18 Dec 2019 11:45:09 GMT" time="20.381" errors="0">
  <testcase name="EditCheckFunctionalityOfDisableCheckBoxUncheck" time="20.381" classname="com.accordion.testcases.TC49"/>
</testsuite> <!-- com.accordion.testcases.TC49 -->
