<?xml version="1.0" encoding="UTF-8"?>
<!-- Generated by org.testng.reporters.JUnitReportReporter -->
<testsuite skipped="0" hostname="NGSLAPTOP23" name="com.accordion.testcases.TC20AddCheckCloseButtonFunctionality" tests="1" failures="0" timestamp="24 Feb 2020 10:49:24 GMT" time="23.036" errors="0">
  <testcase name="AddCheckCloseButtonFunctionalityTC20" time="23.036" classname="com.accordion.testcases.TC20AddCheckCloseButtonFunctionality"/>
</testsuite> <!-- com.accordion.testcases.TC20AddCheckCloseButtonFunctionality -->
