<?xml version="1.0" encoding="UTF-8"?>
<!-- Generated by org.testng.reporters.JUnitReportReporter -->
<testsuite skipped="0" hostname="NGSLAPTOP23" name="com.accordion.testcases.TC43EditCheckFunctionalityOfCloseButton" tests="1" failures="0" timestamp="25 Feb 2020 11:23:05 GMT" time="28.503" errors="0">
  <testcase name="EditCheckFunctionalityOfCloseButtonTC43" time="28.503" classname="com.accordion.testcases.TC43EditCheckFunctionalityOfCloseButton"/>
</testsuite> <!-- com.accordion.testcases.TC43EditCheckFunctionalityOfCloseButton -->
