<?xml version="1.0" encoding="UTF-8"?>
<!-- Generated by org.testng.reporters.JUnitReportReporter -->
<testsuite skipped="0" hostname="NGSLAPTOP23" name="com.accordion.testcases.TC36AddCheckNoOfTopicToBeAdded" tests="1" failures="0" timestamp="25 Feb 2020 06:23:13 GMT" time="27.240" errors="0">
  <testcase name="AddCheckNoOfTopicToBeAddedTC36" time="27.240" classname="com.accordion.testcases.TC36AddCheckNoOfTopicToBeAdded"/>
</testsuite> <!-- com.accordion.testcases.TC36AddCheckNoOfTopicToBeAdded -->
