<?xml version="1.0" encoding="UTF-8"?>
<!-- Generated by org.testng.reporters.JUnitReportReporter -->
<testsuite skipped="0" hostname="NGSLAPTOP23" name="com.accordion.testcases.TC55" tests="1" failures="0" timestamp="18 Dec 2019 13:25:36 GMT" time="4.344" errors="0">
  <testcase name="DeleteCheckFunctionalityOfCloseButton" time="4.344" classname="com.accordion.testcases.TC55"/>
</testsuite> <!-- com.accordion.testcases.TC55 -->
