<?xml version="1.0" encoding="UTF-8"?>
<!-- Generated by org.testng.reporters.JUnitReportReporter -->
<testsuite skipped="0" hostname="NGSLAPTOP23" name="com.accordion.testcases.TC06" tests="1" failures="0" timestamp="05 Feb 2020 10:09:41 GMT" time="13.937" errors="0">
  <testcase name="verifyWizardTabsTC06" time="13.937" classname="com.accordion.testcases.TC06"/>
</testsuite> <!-- com.accordion.testcases.TC06 -->
