<?xml version="1.0" encoding="UTF-8"?>
<!-- Generated by org.testng.reporters.JUnitReportReporter -->
<testsuite skipped="0" hostname="NGSLAPTOP23" name="com.accordion.testcases.TC17ManageTitleCheckSaveButtonFunctionality" tests="1" failures="0" timestamp="24 Feb 2020 10:21:05 GMT" time="29.519" errors="0">
  <testcase name="ManageTitleCheckSaveButtonFunctionalityTC17" time="29.519" classname="com.accordion.testcases.TC17ManageTitleCheckSaveButtonFunctionality"/>
</testsuite> <!-- com.accordion.testcases.TC17ManageTitleCheckSaveButtonFunctionality -->
