<?xml version="1.0" encoding="UTF-8"?>
<!-- Generated by org.testng.reporters.JUnitReportReporter -->
<testsuite skipped="0" hostname="NGSLAPTOP23" name="com.accordion.testcases.TC05" tests="1" failures="0" timestamp="03 Oct 2019 06:56:29 GMT" time="3.469" errors="0">
  <testcase name="verifywebPart" time="3.469" classname="com.accordion.testcases.TC05"/>
</testsuite> <!-- com.accordion.testcases.TC05 -->
