<?xml version="1.0" encoding="UTF-8"?>
<!-- Generated by org.testng.reporters.JUnitReportReporter -->
<testsuite skipped="0" hostname="NGSLAPTOP23" name="com.accordion.testcases.TC01verifyDefaultMessageOnContentAdmin" tests="1" failures="0" timestamp="26 Feb 2020 12:47:33 GMT" time="0.923" errors="0">
  <testcase name="verifyDefualtMsgOnContentAdminTC01" time="0.923" classname="com.accordion.testcases.TC01verifyDefaultMessageOnContentAdmin"/>
</testsuite> <!-- com.accordion.testcases.TC01verifyDefaultMessageOnContentAdmin -->
