<?xml version="1.0" encoding="UTF-8"?>
<!-- Generated by org.testng.reporters.JUnitReportReporter -->
<testsuite skipped="0" hostname="NGSLAPTOP23" name="com.accordion.testcases.TC14" tests="1" failures="0" timestamp="17 Dec 2019 09:16:09 GMT" time="3.079" errors="0">
  <testcase name="ManageTitleCheckDefaultValueNoOfTopiToShow" time="3.079" classname="com.accordion.testcases.TC14"/>
</testsuite> <!-- com.accordion.testcases.TC14 -->
