<?xml version="1.0" encoding="UTF-8"?>
<!-- Generated by org.testng.reporters.JUnitReportReporter -->
<testsuite skipped="0" hostname="NGSLAPTOP23" name="com.accordion.testcases.TC65" tests="1" failures="0" timestamp="18 Dec 2019 13:38:53 GMT" time="10.909" errors="0">
  <testcase name="ReOrderCheckSaveWithItemSorting" time="10.909" classname="com.accordion.testcases.TC65"/>
</testsuite> <!-- com.accordion.testcases.TC65 -->
