<?xml version="1.0" encoding="UTF-8"?>
<!-- Generated by org.testng.reporters.JUnitReportReporter -->
<testsuite skipped="0" hostname="NGSLAPTOP23" name="com.accordion.testcases.TC17" tests="1" failures="0" timestamp="17 Dec 2019 09:40:25 GMT" time="8.256" errors="0">
  <testcase name="ManageTitleCheckSaveButtonFunctionality" time="8.256" classname="com.accordion.testcases.TC17"/>
</testsuite> <!-- com.accordion.testcases.TC17 -->
