<?xml version="1.0" encoding="UTF-8"?>
<!-- Generated by org.testng.reporters.JUnitReportReporter -->
<testsuite skipped="0" hostname="NGSLAPTOP23" name="com.accordion.testcases.TC03" tests="1" failures="0" timestamp="17 Dec 2019 06:36:27 GMT" time="6.390" errors="0">
  <testcase name="verifyMenu" time="6.390" classname="com.accordion.testcases.TC03"/>
</testsuite> <!-- com.accordion.testcases.TC03 -->
