<?xml version="1.0" encoding="UTF-8"?>
<!-- Generated by org.testng.reporters.JUnitReportReporter -->
<testsuite skipped="0" hostname="NGSLAPTOP23" name="com.accordion.testcases.TC09" tests="1" failures="0" timestamp="17 Dec 2019 07:24:30 GMT" time="4.198" errors="0">
  <testcase name="verifywebPartManageTitleCloseButton" time="4.198" classname="com.accordion.testcases.TC09"/>
</testsuite> <!-- com.accordion.testcases.TC09 -->
