<?xml version="1.0" encoding="UTF-8"?>
<!-- Generated by org.testng.reporters.JUnitReportReporter -->
<testsuite skipped="2" hostname="NGSLAPTOP23" name="com.accordion.testcases.RTManageTitleTab" tests="2" failures="0" timestamp="06 Nov 2019 10:49:13 GMT" time="0.000" errors="0">
  <testcase name="verifyBlankTitle" time="0.000" classname="com.accordion.testcases.RTManageTitleTab">
    <skipped/>
  </testcase> <!-- verifyBlankTitle -->
  <testcase name="verifyNewTitle" time="0.000" classname="com.accordion.testcases.RTManageTitleTab">
    <skipped/>
  </testcase> <!-- verifyNewTitle -->
</testsuite> <!-- com.accordion.testcases.RTManageTitleTab -->
