<?xml version="1.0" encoding="UTF-8"?>
<!-- Generated by org.testng.reporters.JUnitReportReporter -->
<testsuite skipped="0" hostname="NGSLAPTOP23" name="com.accordion.testcases.TC18ManageTitleCheckCloseButtonFUnctionality" tests="1" failures="0" timestamp="24 Feb 2020 10:28:20 GMT" time="30.383" errors="0">
  <testcase name="ManageTitleCheckCloseButtonFUnctionalityTC18" time="30.383" classname="com.accordion.testcases.TC18ManageTitleCheckCloseButtonFUnctionality"/>
</testsuite> <!-- com.accordion.testcases.TC18ManageTitleCheckCloseButtonFUnctionality -->
