<?xml version="1.0" encoding="UTF-8"?>
<!-- Generated by org.testng.reporters.JUnitReportReporter -->
<testsuite skipped="0" hostname="NGSLAPTOP23" name="com.accordion.testcases.TC68" tests="1" failures="0" timestamp="18 Dec 2019 13:40:47 GMT" time="4.326" errors="0">
  <testcase name="ChangeColorCheckCloseButton" time="4.326" classname="com.accordion.testcases.TC68"/>
</testsuite> <!-- com.accordion.testcases.TC68 -->
