<?xml version="1.0" encoding="UTF-8"?>
<!-- Generated by org.testng.reporters.JUnitReportReporter -->
<testsuite skipped="0" hostname="NGSLAPTOP23" name="com.accordion.testcases.TC15" tests="1" failures="0" timestamp="17 Dec 2019 09:31:53 GMT" time="3.274" errors="0">
  <testcase name="ManageTitleCheckOptionInNoOfTopicToShowDropDown" time="3.274" classname="com.accordion.testcases.TC15"/>
</testsuite> <!-- com.accordion.testcases.TC15 -->
