<?xml version="1.0" encoding="UTF-8"?>
<!-- Generated by org.testng.reporters.JUnitReportReporter -->
<testsuite skipped="0" hostname="NGSLAPTOP23" name="com.accordion.testcases.TC31" tests="1" failures="0" timestamp="17 Dec 2019 10:28:51 GMT" time="14.043" errors="0">
  <testcase name="AddCheckValidationMsgTopicDescription" time="14.043" classname="com.accordion.testcases.TC31"/>
</testsuite> <!-- com.accordion.testcases.TC31 -->
