<?xml version="1.0" encoding="UTF-8"?>
<!-- Generated by org.testng.reporters.JUnitReportReporter -->
<testsuite skipped="0" hostname="NGSLAPTOP23" name="com.accordion.testcases.TC56" tests="1" failures="0" timestamp="23 Oct 2019 09:21:22 GMT" time="38.107" errors="0">
  <testcase name="verifywebPart" time="38.107" classname="com.accordion.testcases.TC56"/>
</testsuite> <!-- com.accordion.testcases.TC56 -->
