<?xml version="1.0" encoding="UTF-8"?>
<!-- Generated by org.testng.reporters.JUnitReportReporter -->
<testsuite skipped="0" hostname="NGSLAPTOP23" name="com.accordion.testcases.TC22AddCheckNumberOfTopicsToAddWithZero" tests="1" failures="0" timestamp="24 Feb 2020 11:47:00 GMT" time="25.359" errors="0">
  <testcase name="AddCheckNoOfTopicsToAddWithZeroTC22" time="25.359" classname="com.accordion.testcases.TC22AddCheckNumberOfTopicsToAddWithZero"/>
</testsuite> <!-- com.accordion.testcases.TC22AddCheckNumberOfTopicsToAddWithZero -->
