<?xml version="1.0" encoding="UTF-8"?>
<!-- Generated by org.testng.reporters.JUnitReportReporter -->
<testsuite skipped="0" hostname="NGSLAPTOP23" name="com.accordion.testcases.TC44" tests="1" failures="0" timestamp="01 Nov 2019 10:13:25 GMT" time="7.239" errors="0">
  <testcase name="verifywebPart" time="7.239" classname="com.accordion.testcases.TC44"/>
</testsuite> <!-- com.accordion.testcases.TC44 -->
