<?xml version="1.0" encoding="UTF-8"?>
<!-- Generated by org.testng.reporters.JUnitReportReporter -->
<testsuite skipped="0" hostname="NGSLAPTOP23" name="com.accordion.testcases.TC57" tests="1" failures="0" timestamp="23 Oct 2019 09:33:10 GMT" time="8.481" errors="0">
  <testcase name="verifywebPart" time="8.481" classname="com.accordion.testcases.TC57"/>
</testsuite> <!-- com.accordion.testcases.TC57 -->
