<?xml version="1.0" encoding="UTF-8"?>
<!-- Generated by org.testng.reporters.JUnitReportReporter -->
<testsuite skipped="0" hostname="NGSLAPTOP23" name="com.accordion.testcases.TC52" tests="1" failures="0" timestamp="18 Dec 2019 13:23:04 GMT" time="20.220" errors="0">
  <testcase name="EditCheckValidationMessageOnClickOfUpdateButtonOnBlank" time="20.220" classname="com.accordion.testcases.TC52"/>
</testsuite> <!-- com.accordion.testcases.TC52 -->
