<?xml version="1.0" encoding="UTF-8"?>
<!-- Generated by org.testng.reporters.JUnitReportReporter -->
<testsuite skipped="0" hostname="NGSLAPTOP23" name="com.accordion.testcases.TC16" tests="1" failures="0" timestamp="29 Jan 2020 14:01:26 GMT" time="41.151" errors="0">
  <testcase name="ManageTitleCheckValueOnPreviewWhen10SelectedInNoOfTopicToShowTC16" time="41.151" classname="com.accordion.testcases.TC16"/>
</testsuite> <!-- com.accordion.testcases.TC16 -->
