<?xml version="1.0" encoding="UTF-8"?>
<!-- Generated by org.testng.reporters.JUnitReportReporter -->
<testsuite skipped="2" hostname="NGSLAPTOP23" name="com.accordion.testcases.RTAddTab" tests="3" failures="0" timestamp="20 Nov 2019 11:30:52 GMT" time="3.061" errors="1">
  <testcase name="webpartadd" time="3.061" classname="com.accordion.testcases.RTAddTab">
    <error type="java.lang.NullPointerException">
      <![CDATA[java.lang.NullPointerException
at com.accordion.testcases.webPart.webpartAdded(webPart.java:13)
at com.accordion.testcases.RTAddTab.webpartadd(RTAddTab.java:11)
at sun.reflect.NativeMethodAccessorImpl.invoke0(Native Method)
at sun.reflect.NativeMethodAccessorImpl.invoke(Unknown Source)
at sun.reflect.DelegatingMethodAccessorImpl.invoke(Unknown Source)
at java.lang.reflect.Method.invoke(Unknown Source)
at org.testng.internal.MethodInvocationHelper.invokeMethod(MethodInvocationHelper.java:124)
at org.testng.internal.MethodInvocationHelper.invokeMethodConsideringTimeout(MethodInvocationHelper.java:59)
at org.testng.internal.Invoker.invokeConfigurationMethod(Invoker.java:455)
at org.testng.internal.Invoker.invokeConfigurations(Invoker.java:222)
at org.testng.internal.Invoker.invokeConfigurations(Invoker.java:142)
at org.testng.TestRunner.beforeRun(TestRunner.java:529)
at org.testng.TestRunner.run(TestRunner.java:497)
at org.testng.SuiteRunner.runTest(SuiteRunner.java:455)
at org.testng.SuiteRunner.runSequentially(SuiteRunner.java:450)
at org.testng.SuiteRunner.privateRun(SuiteRunner.java:415)
at org.testng.SuiteRunner.run(SuiteRunner.java:364)
at org.testng.SuiteRunnerWorker.runSuite(SuiteRunnerWorker.java:52)
at org.testng.SuiteRunnerWorker.run(SuiteRunnerWorker.java:84)
at org.testng.TestNG.runSuitesSequentially(TestNG.java:1208)
at org.testng.TestNG.runSuitesLocally(TestNG.java:1137)
at org.testng.TestNG.runSuites(TestNG.java:1049)
at org.testng.TestNG.run(TestNG.java:1017)
at org.testng.remote.AbstractRemoteTestNG.run(AbstractRemoteTestNG.java:114)
at org.testng.remote.RemoteTestNG.initAndRun(RemoteTestNG.java:251)
at org.testng.remote.RemoteTestNG.main(RemoteTestNG.java:77)
]]>
    </error>
  </testcase> <!-- webpartadd -->
  <testcase name="verifyAddValidation" time="0.000" classname="com.accordion.testcases.RTAddTab">
    <skipped/>
  </testcase> <!-- verifyAddValidation -->
  <testcase name="verifyAddfunctionality" time="0.000" classname="com.accordion.testcases.RTAddTab">
    <skipped/>
  </testcase> <!-- verifyAddfunctionality -->
</testsuite> <!-- com.accordion.testcases.RTAddTab -->
