<?xml version="1.0" encoding="UTF-8"?>
<!-- Generated by org.testng.reporters.JUnitReportReporter -->
<testsuite skipped="0" hostname="NGSLAPTOP23" name="com.accordion.testcases.TC34" tests="1" failures="0" timestamp="17 Dec 2019 10:51:36 GMT" time="18.242" errors="0">
  <testcase name="AddCheckFunctionalityOfSaveContinueButton" time="18.242" classname="com.accordion.testcases.TC34"/>
</testsuite> <!-- com.accordion.testcases.TC34 -->
