<?xml version="1.0" encoding="UTF-8"?>
<!-- Generated by org.testng.reporters.JUnitReportReporter -->
<testsuite skipped="0" hostname="NGSLAPTOP23" name="com.accordion.testcases.TC78" tests="1" failures="0" timestamp="03 Feb 2020 09:38:12 GMT" time="0.355" errors="0">
  <testcase name="CheckDefaultFieldValuesTC78" time="0.355" classname="com.accordion.testcases.TC78"/>
</testsuite> <!-- com.accordion.testcases.TC78 -->
