<?xml version="1.0" encoding="UTF-8"?>
<!-- Generated by org.testng.reporters.JUnitReportReporter -->
<testsuite skipped="0" hostname="NGSLAPTOP23" name="com.accordion.testcases.TC60" tests="1" failures="0" timestamp="29 Jan 2020 14:01:27 GMT" time="20.715" errors="0">
  <testcase name="DeleteCheckStatusOfRecordAfterClickOnCancelButton60" time="20.715" classname="com.accordion.testcases.TC60"/>
</testsuite> <!-- com.accordion.testcases.TC60 -->
