<?xml version="1.0" encoding="UTF-8"?>
<!-- Generated by org.testng.reporters.JUnitReportReporter -->
<testsuite skipped="0" hostname="NGSLAPTOP23" name="com.accordion.testcases.TC66" tests="1" failures="0" timestamp="25 Oct 2019 09:13:53 GMT" time="4.804" errors="0">
  <testcase name="verifywebPart" time="4.804" classname="com.accordion.testcases.TC66"/>
</testsuite> <!-- com.accordion.testcases.TC66 -->
