<?xml version="1.0" encoding="UTF-8"?>
<!-- Generated by org.testng.reporters.JUnitReportReporter -->
<testsuite skipped="0" hostname="NGSLAPTOP23" name="com.accordion.testcases.TC12" tests="1" failures="0" timestamp="17 Dec 2019 08:51:09 GMT" time="20.837" errors="0">
  <testcase name="ManageTitleCheckTitleBlank" time="20.837" classname="com.accordion.testcases.TC12"/>
</testsuite> <!-- com.accordion.testcases.TC12 -->
