<?xml version="1.0" encoding="UTF-8"?>
<!-- Generated by org.testng.reporters.JUnitReportReporter -->
<testsuite skipped="0" hostname="NGSLAPTOP23" name="com.accordion.testcases.TC81SocialUpdateCommentWizardFromPreview" tests="1" failures="0" timestamp="12 Feb 2020 11:21:58 GMT" time="1.718" errors="0">
  <testcase name="socialupdatecommentwizardfrompreview" time="1.718" classname="com.accordion.testcases.TC81SocialUpdateCommentWizardFromPreview"/>
</testsuite> <!-- com.accordion.testcases.TC81SocialUpdateCommentWizardFromPreview -->
