<?xml version="1.0" encoding="UTF-8"?>
<!-- Generated by org.testng.reporters.JUnitReportReporter -->
<testsuite skipped="0" hostname="NGSLAPTOP23" name="com.accordion.testcases.TC12ManageTitleCheckTitleBlank" tests="1" failures="0" timestamp="24 Feb 2020 06:20:37 GMT" time="66.461" errors="0">
  <testcase name="ManageTitleCheckTitleBlankTC12" time="66.461" classname="com.accordion.testcases.TC12ManageTitleCheckTitleBlank"/>
</testsuite> <!-- com.accordion.testcases.TC12ManageTitleCheckTitleBlank -->
