<?xml version="1.0" encoding="UTF-8"?>
<!-- Generated by org.testng.reporters.JUnitReportReporter -->
<testsuite skipped="4" hostname="NGSLAPTOP23" name="com.accordion.testcases.RTEditTab" tests="4" failures="0" timestamp="06 Nov 2019 07:08:48 GMT" time="0.000" errors="0">
  <testcase name="verifyEditValidation" time="0.000" classname="com.accordion.testcases.RTEditTab">
    <skipped/>
  </testcase> <!-- verifyEditValidation -->
  <testcase name="verifyItemCheckboxChecked" time="0.000" classname="com.accordion.testcases.RTEditTab">
    <skipped/>
  </testcase> <!-- verifyItemCheckboxChecked -->
  <testcase name="verifyItemCheckboxUnChecked" time="0.000" classname="com.accordion.testcases.RTEditTab">
    <skipped/>
  </testcase> <!-- verifyItemCheckboxUnChecked -->
  <testcase name="verifyItemEdit" time="0.000" classname="com.accordion.testcases.RTEditTab">
    <skipped/>
  </testcase> <!-- verifyItemEdit -->
</testsuite> <!-- com.accordion.testcases.RTEditTab -->
