<?xml version="1.0" encoding="UTF-8"?>
<!-- Generated by org.testng.reporters.JUnitReportReporter -->
<testsuite skipped="0" hostname="NGSLAPTOP23" name="com.accordion.testcases.TC20" tests="1" failures="0" timestamp="29 Jan 2020 14:01:26 GMT" time="16.012" errors="0">
  <testcase name="AddCheckCloseButtonFunctionalityTC20" time="16.012" classname="com.accordion.testcases.TC20"/>
</testsuite> <!-- com.accordion.testcases.TC20 -->
