<?xml version="1.0" encoding="UTF-8"?>
<!-- Generated by org.testng.reporters.JUnitReportReporter -->
<testsuite skipped="0" hostname="NGSLAPTOP23" name="com.accordion.testcases.TC11ManageTitleChangedTitleName" tests="1" failures="0" timestamp="26 Feb 2020 07:17:47 GMT" time="325.382" errors="0">
  <testcase name="ManageTitleChangedTitleNameTC11" time="325.382" classname="com.accordion.testcases.TC11ManageTitleChangedTitleName"/>
</testsuite> <!-- com.accordion.testcases.TC11ManageTitleChangedTitleName -->
