<?xml version="1.0" encoding="UTF-8"?>
<!-- Generated by org.testng.reporters.JUnitReportReporter -->
<testsuite skipped="0" hostname="NGSLAPTOP23" name="com.accordion.testcases.TC48" tests="1" failures="0" timestamp="18 Dec 2019 06:51:23 GMT" time="23.313" errors="0">
  <testcase name="EditCheckFunctionalityOfDisableCheckBoxChecked" time="23.313" classname="com.accordion.testcases.TC48"/>
</testsuite> <!-- com.accordion.testcases.TC48 -->
