<?xml version="1.0" encoding="UTF-8"?>
<!-- Generated by org.testng.reporters.JUnitReportReporter -->
<testsuite skipped="0" hostname="NGSLAPTOP23" name="com.accordion.testcases.TC04" tests="1" failures="0" timestamp="17 Dec 2019 06:39:11 GMT" time="6.557" errors="0">
  <testcase name="verifywebPart" time="6.557" classname="com.accordion.testcases.TC04"/>
</testsuite> <!-- com.accordion.testcases.TC04 -->
