<?xml version="1.0" encoding="UTF-8"?>
<!-- Generated by org.testng.reporters.JUnitReportReporter -->
<testsuite skipped="0" hostname="NGSLAPTOP23" name="com.accordion.testcases.TC76" tests="1" failures="0" timestamp="03 Feb 2020 09:38:12 GMT" time="0.690" errors="0">
  <testcase name="CheckSocialUpdatestabUnderWizardTC76" time="0.690" classname="com.accordion.testcases.TC76"/>
</testsuite> <!-- com.accordion.testcases.TC76 -->
