<?xml version="1.0" encoding="UTF-8"?>
<!-- Generated by org.testng.reporters.JUnitReportReporter -->
<testsuite skipped="0" hostname="NGSLAPTOP23" name="com.accordion.testcases.TC16" tests="1" failures="0" timestamp="31 Oct 2019 12:18:54 GMT" time="87.935" errors="0">
  <testcase name="verifywebPart" time="87.935" classname="com.accordion.testcases.TC16"/>
</testsuite> <!-- com.accordion.testcases.TC16 -->
