<?xml version="1.0" encoding="UTF-8"?>
<!-- Generated by org.testng.reporters.JUnitReportReporter -->
<testsuite skipped="0" hostname="NGSLAPTOP23" name="com.accordion.testcases.TC58" tests="1" failures="0" timestamp="23 Oct 2019 09:50:37 GMT" time="4.265" errors="0">
  <testcase name="verifywebPart" time="4.265" classname="com.accordion.testcases.TC58"/>
</testsuite> <!-- com.accordion.testcases.TC58 -->
