<?xml version="1.0" encoding="UTF-8"?>
<!-- Generated by org.testng.reporters.JUnitReportReporter -->
<testsuite skipped="0" hostname="NGSLAPTOP23" name="com.accordion.testcases.TC63" tests="1" failures="0" timestamp="01 Nov 2019 10:43:50 GMT" time="4.220" errors="0">
  <testcase name="verifywebPart" time="4.220" classname="com.accordion.testcases.TC63"/>
</testsuite> <!-- com.accordion.testcases.TC63 -->
