<?xml version="1.0" encoding="UTF-8"?>
<!-- Generated by org.testng.reporters.JUnitReportReporter -->
<testsuite skipped="0" hostname="NGSLAPTOP23" name="com.accordion.testcases.TC07VerifyWizardCloseMark" tests="1" failures="0" timestamp="24 Feb 2020 05:51:25 GMT" time="32.926" errors="0">
  <testcase name="verifWizardCloseMarkTC07" time="32.926" classname="com.accordion.testcases.TC07VerifyWizardCloseMark"/>
</testsuite> <!-- com.accordion.testcases.TC07VerifyWizardCloseMark -->
