<?xml version="1.0" encoding="UTF-8"?>
<!-- Generated by org.testng.reporters.JUnitReportReporter -->
<testsuite skipped="0" hostname="NGSLAPTOP23" name="com.accordion.testcases.TC36" tests="1" failures="0" timestamp="17 Dec 2019 10:53:53 GMT" time="9.685" errors="0">
  <testcase name="AddCheckNoOfTopicToBeAdded" time="9.685" classname="com.accordion.testcases.TC36"/>
</testsuite> <!-- com.accordion.testcases.TC36 -->
