<?xml version="1.0" encoding="UTF-8"?>
<!-- Generated by org.testng.reporters.JUnitReportReporter -->
<testsuite skipped="0" hostname="NGSLAPTOP23" name="com.accordion.testcases.TC62" tests="1" failures="0" timestamp="18 Dec 2019 13:35:21 GMT" time="4.320" errors="0">
  <testcase name="ReOrderCheckFunctionalityOfCloseButton" time="4.320" classname="com.accordion.testcases.TC62"/>
</testsuite> <!-- com.accordion.testcases.TC62 -->
