<?xml version="1.0" encoding="UTF-8"?>
<!-- Generated by org.testng.reporters.JUnitReportReporter -->
<testsuite skipped="0" hostname="NGSLAPTOP23" name="com.accordion.testcases.TC03" tests="1" failures="0" timestamp="05 Feb 2020 10:09:42 GMT" time="10.014" errors="0">
  <testcase name="verifyMenuTC03" time="10.014" classname="com.accordion.testcases.TC03"/>
</testsuite> <!-- com.accordion.testcases.TC03 -->
