<?xml version="1.0" encoding="UTF-8"?>
<!-- Generated by org.testng.reporters.JUnitReportReporter -->
<testsuite skipped="0" hostname="NGSLAPTOP23" name="com.accordion.testcases.TC07" tests="1" failures="0" timestamp="17 Dec 2019 07:16:24 GMT" time="10.256" errors="0">
  <testcase name="verifywebPartWizardCloseMark" time="10.256" classname="com.accordion.testcases.TC07"/>
</testsuite> <!-- com.accordion.testcases.TC07 -->
