<?xml version="1.0" encoding="UTF-8"?>
<!-- Generated by org.testng.reporters.JUnitReportReporter -->
<testsuite skipped="0" hostname="NGSLAPTOP23" name="com.accordion.testcases.TC27AddCheckValidationMsgTopicTitle" tests="1" failures="0" timestamp="24 Feb 2020 13:14:15 GMT" time="27.680" errors="0">
  <testcase name="AddCheckValidationMsgTopicTitleTC27" time="27.680" classname="com.accordion.testcases.TC27AddCheckValidationMsgTopicTitle"/>
</testsuite> <!-- com.accordion.testcases.TC27AddCheckValidationMsgTopicTitle -->
