<?xml version="1.0" encoding="UTF-8"?>
<!-- Generated by org.testng.reporters.JUnitReportReporter -->
<testsuite skipped="0" hostname="NGSLAPTOP23" name="com.accordion.testcases.TC79" tests="1" failures="0" timestamp="03 Feb 2020 09:38:12 GMT" time="0.851" errors="0">
  <testcase name="CheckRatingExperiencesoptiondropdownTC79" time="0.851" classname="com.accordion.testcases.TC79"/>
</testsuite> <!-- com.accordion.testcases.TC79 -->
