<?xml version="1.0" encoding="UTF-8"?>
<!-- Generated by org.testng.reporters.JUnitReportReporter -->
<testsuite skipped="0" hostname="NGSLAPTOP23" name="com.accordion.testcases.TC21" tests="1" failures="0" timestamp="17 Dec 2019 10:00:58 GMT" time="7.429" errors="0">
  <testcase name="AddCheckValidationMsgNoOfTopicsToAdd" time="7.429" classname="com.accordion.testcases.TC21"/>
</testsuite> <!-- com.accordion.testcases.TC21 -->
