<?xml version="1.0" encoding="UTF-8"?>
<!-- Generated by org.testng.reporters.JUnitReportReporter -->
<testsuite skipped="0" hostname="NGSLAPTOP23" name="com.accordion.testcases.TC51" tests="1" failures="0" timestamp="23 Dec 2019 09:53:27 GMT" time="37.733" errors="0">
  <testcase name="EditCheckUpdationMessage" time="37.733" classname="com.accordion.testcases.TC51"/>
</testsuite> <!-- com.accordion.testcases.TC51 -->
