<?xml version="1.0" encoding="UTF-8"?>
<!-- Generated by org.testng.reporters.JUnitReportReporter -->
<testsuite skipped="0" hostname="NGSLAPTOP23" name="com.accordion.testcases.TC18" tests="1" failures="0" timestamp="17 Dec 2019 09:48:55 GMT" time="13.460" errors="0">
  <testcase name="ManageTitleCheckCloseButtonFUnctionality" time="13.460" classname="com.accordion.testcases.TC18"/>
</testsuite> <!-- com.accordion.testcases.TC18 -->
