<?xml version="1.0" encoding="UTF-8"?>
<!-- Generated by org.testng.reporters.JUnitReportReporter -->
<testsuite skipped="0" hostname="NGSLAPTOP23" name="com.accordion.testcases.TC54DeleteCheckMessage" tests="1" failures="0" timestamp="24 Feb 2020 05:37:27 GMT" time="36.741" errors="0">
  <testcase name="DeleteCheckMessageTC54" time="36.741" classname="com.accordion.testcases.TC54DeleteCheckMessage"/>
</testsuite> <!-- com.accordion.testcases.TC54DeleteCheckMessage -->
