<?xml version="1.0" encoding="UTF-8"?>
<!-- Generated by org.testng.reporters.JUnitReportReporter -->
<testsuite skipped="0" hostname="NGSLAPTOP23" name="com.accordion.testcases.TC37" tests="1" failures="0" timestamp="17 Dec 2019 11:05:54 GMT" time="208.901" errors="0">
  <testcase name="AddCheckSavedDataOnOtherTabsAndPreview" time="208.901" classname="com.accordion.testcases.TC37"/>
</testsuite> <!-- com.accordion.testcases.TC37 -->
