<?xml version="1.0" encoding="UTF-8"?>
<!-- Generated by org.testng.reporters.JUnitReportReporter -->
<testsuite skipped="0" hostname="NGSLAPTOP23" name="com.accordion.testcases.TC15ManageTitleCheckOptionInNumberOfTopicToShowDropDown" tests="1" failures="0" timestamp="24 Feb 2020 09:39:46 GMT" time="23.789" errors="0">
  <testcase name="ManageTitleCheckOptionInNoOfTopicToShowDropDownTC15" time="23.789" classname="com.accordion.testcases.TC15ManageTitleCheckOptionInNumberOfTopicToShowDropDown"/>
</testsuite> <!-- com.accordion.testcases.TC15ManageTitleCheckOptionInNumberOfTopicToShowDropDown -->
