<?xml version="1.0" encoding="UTF-8"?>
<!-- Generated by org.testng.reporters.JUnitReportReporter -->
<testsuite skipped="0" hostname="NGSLAPTOP23" name="com.accordion.testcases.TC33AddCheckFunctionalityOfCancelButton" tests="1" failures="0" timestamp="25 Feb 2020 06:09:03 GMT" time="25.694" errors="0">
  <testcase name="AddCheckFunctionalityOfCancelButtonTC33" time="25.694" classname="com.accordion.testcases.TC33AddCheckFunctionalityOfCancelButton"/>
</testsuite> <!-- com.accordion.testcases.TC33AddCheckFunctionalityOfCancelButton -->
