<?xml version="1.0" encoding="UTF-8"?>
<!-- Generated by org.testng.reporters.JUnitReportReporter -->
<testsuite skipped="0" hostname="NGSLAPTOP23" name="com.accordion.testcases.TC06" tests="1" failures="0" timestamp="17 Dec 2019 06:55:12 GMT" time="16.554" errors="0">
  <testcase name="verifywebPart" time="16.554" classname="com.accordion.testcases.TC06"/>
</testsuite> <!-- com.accordion.testcases.TC06 -->
