<?xml version="1.0" encoding="UTF-8"?>
<!-- Generated by org.testng.reporters.JUnitReportReporter -->
<testsuite skipped="0" hostname="NGSLAPTOP23" name="com.accordion.testcases.TC25" tests="1" failures="0" timestamp="17 Dec 2019 10:09:17 GMT" time="7.877" errors="0">
  <testcase name="AddCheckFunctionalityOfNextButton" time="7.877" classname="com.accordion.testcases.TC25"/>
</testsuite> <!-- com.accordion.testcases.TC25 -->
