<?xml version="1.0" encoding="UTF-8"?>
<!-- Generated by org.testng.reporters.JUnitReportReporter -->
<testsuite skipped="0" hostname="NGSLAPTOP23" name="com.accordion.testcases.TC69" tests="1" failures="0" timestamp="20 Jan 2020 09:23:00 GMT" time="30.522" errors="0">
  <testcase name="ChangeColor_CheckColorPickerTC69" time="30.522" classname="com.accordion.testcases.TC69"/>
</testsuite> <!-- com.accordion.testcases.TC69 -->
