<?xml version="1.0" encoding="UTF-8"?>
<!-- Generated by org.testng.reporters.JUnitReportReporter -->
<testsuite skipped="0" hostname="NGSLAPTOP23" name="com.accordion.testcases.TC11" tests="1" failures="0" timestamp="17 Dec 2019 07:38:43 GMT" time="82.202" errors="0">
  <testcase name="ManageTitleChangedTitleName" time="82.202" classname="com.accordion.testcases.TC11"/>
</testsuite> <!-- com.accordion.testcases.TC11 -->
