<?xml version="1.0" encoding="UTF-8"?>
<!-- Generated by org.testng.reporters.JUnitReportReporter -->
<testsuite skipped="0" hostname="NGSLAPTOP23" name="com.accordion.testcases.TC33" tests="1" failures="0" timestamp="17 Dec 2019 10:31:06 GMT" time="11.864" errors="0">
  <testcase name="AddCheckFunctionalityOfCancelButton" time="11.864" classname="com.accordion.testcases.TC33"/>
</testsuite> <!-- com.accordion.testcases.TC33 -->
