<?xml version="1.0" encoding="UTF-8"?>
<!-- Generated by org.testng.reporters.JUnitReportReporter -->
<testsuite skipped="0" hostname="NGSLAPTOP23" name="com.accordion.testcases.TC42EditCheckMessage" tests="1" failures="0" timestamp="24 Feb 2020 05:37:27 GMT" time="36.905" errors="0">
  <testcase name="EditCheckMessageTC42" time="36.905" classname="com.accordion.testcases.TC42EditCheckMessage"/>
</testsuite> <!-- com.accordion.testcases.TC42EditCheckMessage -->
