<?xml version="1.0" encoding="UTF-8"?>
<!-- Generated by org.testng.reporters.JUnitReportReporter -->
<testsuite skipped="0" hostname="NGSLAPTOP23" name="com.accordion.testcases.TC04VerfiyHelpWizard" tests="1" failures="0" timestamp="24 Feb 2020 05:37:27 GMT" time="36.825" errors="0">
  <testcase name="verifyHelpWizardTC04" time="36.825" classname="com.accordion.testcases.TC04VerfiyHelpWizard"/>
</testsuite> <!-- com.accordion.testcases.TC04VerfiyHelpWizard -->
