<?xml version="1.0" encoding="UTF-8"?>
<!-- Generated by org.testng.reporters.JUnitReportReporter -->
<testsuite skipped="0" hostname="NGSLAPTOP23" name="com.accordion.testcases.TC21AddCheckValidationMessageNumberOfTopicsToAdd" tests="1" failures="0" timestamp="24 Feb 2020 11:37:54 GMT" time="24.702" errors="0">
  <testcase name="AddCheckValidationMsgNoOfTopicsToAddTC21" time="24.702" classname="com.accordion.testcases.TC21AddCheckValidationMessageNumberOfTopicsToAdd"/>
</testsuite> <!-- com.accordion.testcases.TC21AddCheckValidationMessageNumberOfTopicsToAdd -->
