<?xml version="1.0" encoding="UTF-8"?>
<!-- Generated by org.testng.reporters.JUnitReportReporter -->
<testsuite skipped="0" hostname="NGSLAPTOP23" name="com.accordion.testcases.TC22" tests="1" failures="0" timestamp="17 Dec 2019 10:05:48 GMT" time="7.520" errors="0">
  <testcase name="AddCheckNoOfTopicsToAddWithZero" time="7.520" classname="com.accordion.testcases.TC22"/>
</testsuite> <!-- com.accordion.testcases.TC22 -->
