<?xml version="1.0" encoding="UTF-8"?>
<!-- Generated by org.testng.reporters.JUnitReportReporter -->
<testsuite skipped="0" hostname="NGSLAPTOP23" name="com.accordion.testcases.TC03VerfiyMenu" tests="1" failures="0" timestamp="24 Feb 2020 05:37:27 GMT" time="21.569" errors="0">
  <testcase name="verifyMenuTC03" time="21.569" classname="com.accordion.testcases.TC03VerfiyMenu"/>
</testsuite> <!-- com.accordion.testcases.TC03VerfiyMenu -->
