<?xml version="1.0" encoding="UTF-8"?>
<!-- Generated by org.testng.reporters.JUnitReportReporter -->
<testsuite skipped="0" hostname="NGSLAPTOP23" name="com.accordion.testcases.TC50" tests="1" failures="0" timestamp="18 Dec 2019 13:10:39 GMT" time="80.102" errors="0">
  <testcase name="EditCheckFunctionalityOfCancelButton" time="80.102" classname="com.accordion.testcases.TC50"/>
</testsuite> <!-- com.accordion.testcases.TC50 -->
