<?xml version="1.0" encoding="UTF-8"?>
<!-- Generated by org.testng.reporters.JUnitReportReporter -->
<testsuite skipped="0" hostname="NGSLAPTOP23" name="com.accordion.testcases.TC46" tests="1" failures="0" timestamp="17 Dec 2019 12:25:31 GMT" time="7.517" errors="0">
  <testcase name="EditCheckEditLinkContent" time="7.517" classname="com.accordion.testcases.TC46"/>
</testsuite> <!-- com.accordion.testcases.TC46 -->
