<?xml version="1.0" encoding="UTF-8"?>
<!-- Generated by org.testng.reporters.JUnitReportReporter -->
<testsuite skipped="0" hostname="NGSLAPTOP23" name="com.accordion.testcases.TC27" tests="1" failures="0" timestamp="17 Dec 2019 10:15:12 GMT" time="13.983" errors="0">
  <testcase name="AddCheckValidationMsgTopicTitle" time="13.983" classname="com.accordion.testcases.TC27"/>
</testsuite> <!-- com.accordion.testcases.TC27 -->
