<?xml version="1.0" encoding="UTF-8"?>
<!-- Generated by org.testng.reporters.JUnitReportReporter -->
<testsuite skipped="0" hostname="NGSLAPTOP23" name="com.accordion.testcases.TC25AddCheckFunctionalityOfNextButton" tests="1" failures="0" timestamp="24 Feb 2020 12:53:56 GMT" time="27.333" errors="0">
  <testcase name="AddCheckFunctionalityOfNextButtonTC25" time="27.333" classname="com.accordion.testcases.TC25AddCheckFunctionalityOfNextButton"/>
</testsuite> <!-- com.accordion.testcases.TC25AddCheckFunctionalityOfNextButton -->
